
INFO: 10/24/2024 08:49:18 PM ----Application Start----
INFO: 10/24/2024 08:50:38 PM Attempting to register user...
INFO: 10/24/2024 08:50:38 PM Connecting to db...
INFO: 10/24/2024 08:50:38 PM Accessing Login Collection...
INFO: 10/24/2024 08:50:38 PM Connecting to db...
INFO: 10/24/2024 08:50:38 PM Accessing Login Collection...
INFO: 10/24/2024 08:51:25 PM Attempting to login user...
INFO: 10/24/2024 08:51:25 PM Connecting to db...
INFO: 10/24/2024 08:51:25 PM Accessing Login Collection...
INFO: 10/24/2024 08:51:25 PM Retrieving account for appleLover6
INFO: 10/24/2024 08:51:25 PM Connecting to db...
INFO: 10/24/2024 08:51:25 PM Accessing Users Collection...
INFO: 10/24/2024 08:52:38 PM Attempting to create account...
INFO: 10/24/2024 08:52:38 PM Connecting to db...
INFO: 10/24/2024 08:52:38 PM Accessing Users Collection...
INFO: 10/24/2024 08:52:38 PM Connecting to db...
INFO: 10/24/2024 08:52:38 PM Accessing Users Collection...
INFO: 10/24/2024 08:52:38 PM New User Account with ID: 671af96e47614b3341cc4bdf created.
INFO: 10/24/2024 08:52:38 PM Connecting to db...
INFO: 10/24/2024 08:52:38 PM Accessing Login Collection...
INFO: 10/24/2024 08:52:38 PM appleLover6 logged in
INFO: 10/24/2024 08:53:01 PM Attempting to retrieve user's account.
INFO: 10/24/2024 08:53:01 PM Connecting to db...
INFO: 10/24/2024 08:53:01 PM Accessing Users Collection...
INFO: 10/24/2024 08:53:06 PM Attempting to retrieve user's login.
INFO: 10/24/2024 08:53:06 PM Connecting to db...
INFO: 10/24/2024 08:53:06 PM Accessing Login Collection...
INFO: 10/24/2024 08:54:48 PM Attempting to edit user's account.
INFO: 10/24/2024 08:54:48 PM Connecting to db...
INFO: 10/24/2024 08:54:48 PM Accessing Users Collection...
INFO: 10/24/2024 08:54:48 PM Connecting to db...
INFO: 10/24/2024 08:54:48 PM Accessing Users Collection...
INFO: 10/24/2024 08:54:54 PM Connecting to db...
INFO: 10/24/2024 08:54:54 PM Accessing Users Collection...
INFO: 10/24/2024 08:54:58 PM Attempting to retrieve user's account.
INFO: 10/24/2024 08:54:58 PM Connecting to db...
INFO: 10/24/2024 08:54:58 PM Accessing Users Collection...
INFO: 10/24/2024 08:55:07 PM Attempting to edit user's login.
INFO: 10/24/2024 08:55:07 PM Connecting to db...
INFO: 10/24/2024 08:55:07 PM Accessing Users Collection...
INFO: 10/24/2024 08:55:07 PM Connecting to db...
INFO: 10/24/2024 08:55:07 PM Accessing Login Collection...
INFO: 10/24/2024 08:55:28 PM Connecting to db...
INFO: 10/24/2024 08:55:28 PM Accessing Login Collection...
INFO: 10/24/2024 08:55:34 PM Attempting to retrieve user's login.
INFO: 10/24/2024 08:55:34 PM Connecting to db...
INFO: 10/24/2024 08:55:34 PM Accessing Login Collection...
INFO: 10/24/2024 08:56:12 PM Attempting to retrieve all products.
INFO: 10/24/2024 08:56:12 PM Connecting to db...
INFO: 10/24/2024 08:56:12 PM Accessing Products Collection...
INFO: 10/24/2024 08:56:21 PM Attempting to retrieve product by name.
INFO: 10/24/2024 08:56:22 PM Connecting to db...
INFO: 10/24/2024 08:56:22 PM Accessing Products Collection...
INFO: 10/24/2024 08:56:30 PM Attempting to purchase a product.
INFO: 10/24/2024 08:56:33 PM Connecting to db...
INFO: 10/24/2024 08:56:33 PM Accessing Products Collection...
INFO: 10/24/2024 08:56:42 PM Attempting to create user transaction.
INFO: 10/24/2024 08:56:42 PM Connecting to db...
INFO: 10/24/2024 08:56:42 PM Connecting to db...
INFO: 10/24/2024 08:56:42 PM Attempting to update product.
INFO: 10/24/2024 08:56:42 PM Connecting to db...
INFO: 10/24/2024 08:56:42 PM Accessing Products Collection...
INFO: 10/24/2024 08:56:42 PM Connecting to db...
INFO: 10/24/2024 08:56:42 PM Accessing Products Collection...
INFO: 10/24/2024 08:56:49 PM Attempting to purchase a product.
INFO: 10/24/2024 08:56:51 PM Connecting to db...
INFO: 10/24/2024 08:56:51 PM Accessing Products Collection...
INFO: 10/24/2024 08:57:02 PM Attempting to create user transaction.
INFO: 10/24/2024 08:57:02 PM Connecting to db...
INFO: 10/24/2024 08:57:02 PM Connecting to db...
INFO: 10/24/2024 08:57:02 PM Attempting to update product.
INFO: 10/24/2024 08:57:02 PM Connecting to db...
INFO: 10/24/2024 08:57:02 PM Accessing Products Collection...
INFO: 10/24/2024 08:57:02 PM Connecting to db...
INFO: 10/24/2024 08:57:02 PM Accessing Products Collection...
INFO: 10/24/2024 08:57:06 PM Attempting to purchase a product.
INFO: 10/24/2024 08:57:16 PM Connecting to db...
INFO: 10/24/2024 08:57:16 PM Accessing Products Collection...
INFO: 10/24/2024 08:57:16 PM Connecting to db...
INFO: 10/24/2024 08:57:16 PM Accessing Products Collection...
INFO: 10/24/2024 08:57:30 PM Attempting to retrieve all products.
INFO: 10/24/2024 08:57:30 PM Connecting to db...
INFO: 10/24/2024 08:57:30 PM Accessing Products Collection...
INFO: 10/24/2024 08:57:36 PM Attempting to retrieve user's transactions.
INFO: 10/24/2024 08:57:36 PM Connecting to db...
INFO: 10/24/2024 08:57:36 PM Accessing Users Collection...
INFO: 10/24/2024 08:57:36 PM Connecting to db...
INFO: 10/24/2024 08:57:36 PM Accessing Transactions Collection...
INFO: 10/24/2024 08:58:59 PM Attempting to retrieve transaction by ID.
INFO: 10/24/2024 08:59:04 PM Connecting to db...
INFO: 10/24/2024 08:59:12 PM Attempting to update transaction.
INFO: 10/24/2024 08:59:15 PM Connecting to db...
INFO: 10/24/2024 08:59:44 PM Connecting to db...
INFO: 10/24/2024 08:59:47 PM Attempting to retrieve user's transactions.
INFO: 10/24/2024 08:59:47 PM Connecting to db...
INFO: 10/24/2024 08:59:47 PM Accessing Users Collection...
INFO: 10/24/2024 08:59:47 PM Connecting to db...
INFO: 10/24/2024 08:59:47 PM Accessing Transactions Collection...
INFO: 10/24/2024 09:00:00 PM Attempting to retrieve user's transactions by date.
INFO: 10/24/2024 09:00:00 PM Connecting to db...
INFO: 10/24/2024 09:00:00 PM Accessing Users Collection...
INFO: 10/24/2024 09:00:05 PM Connecting to db...
INFO: 10/24/2024 09:00:13 PM Attempting to retrieve user's transactions by date.
INFO: 10/24/2024 09:00:13 PM Connecting to db...
INFO: 10/24/2024 09:00:13 PM Accessing Users Collection...
INFO: 10/24/2024 09:00:17 PM Connecting to db...
INFO: 10/24/2024 09:00:27 PM Attempting to delete transaction.
INFO: 10/24/2024 09:00:59 PM Connecting to db...
INFO: 10/24/2024 09:00:59 PM Connecting to db...
INFO: 10/24/2024 09:02:51 PM ----Application Start----
INFO: 10/24/2024 09:02:56 PM Attempting to login user...
INFO: 10/24/2024 09:02:56 PM Accessing Login Collection...
INFO: 10/24/2024 09:02:56 PM Retrieving account for test
INFO: 10/24/2024 09:02:56 PM Accessing Users Collection...
INFO: 10/24/2024 09:02:56 PM Accessing Login Collection...
INFO: 10/24/2024 09:02:56 PM test logged in
INFO: 10/24/2024 09:03:29 PM Attempting to retrieve all products.
INFO: 10/24/2024 09:03:29 PM Accessing Products Collection...
INFO: 10/24/2024 09:03:34 PM Attempting to product by ID.
INFO: 10/24/2024 09:03:37 PM Accessing Products Collection...
INFO: 10/24/2024 09:03:43 PM Attempting to update product.
INFO: 10/24/2024 09:03:45 PM Accessing Products Collection...
INFO: 10/24/2024 09:03:50 PM Accessing Products Collection...
INFO: 10/24/2024 09:03:50 PM Accessing Products Collection...
INFO: 10/24/2024 09:03:53 PM Attempting to retrieve all products.
INFO: 10/24/2024 09:03:53 PM Accessing Products Collection...
INFO: 10/24/2024 09:03:57 PM Attempting to create product.
INFO: 10/24/2024 09:05:40 PM Accessing Products Collection...
INFO: 10/24/2024 09:05:40 PM Accessing Products Collection...
INFO: 10/24/2024 09:05:40 PM Accessing Products Collection...
INFO: 10/24/2024 09:05:46 PM Attempting to retrieve all products.
INFO: 10/24/2024 09:05:46 PM Accessing Products Collection...
INFO: 10/24/2024 09:06:23 PM Attempting to retrieve product by name.
INFO: 10/24/2024 09:06:25 PM Accessing Products Collection...
INFO: 10/24/2024 09:06:33 PM Attempting to create product.
INFO: 10/24/2024 09:06:37 PM Accessing Products Collection...
INFO: 10/24/2024 09:06:44 PM Attempting to create product.
INFO: 10/24/2024 09:06:47 PM Accessing Products Collection...
INFO: 10/24/2024 09:06:47 PM Accessing Products Collection...
INFO: 10/24/2024 09:06:47 PM Accessing Products Collection...
INFO: 10/24/2024 09:06:54 PM Attempting to retrieve all products.
INFO: 10/24/2024 09:06:54 PM Accessing Products Collection...
INFO: 10/24/2024 09:07:03 PM Attempting to delete product.
INFO: 10/24/2024 09:07:07 PM Accessing Products Collection...
INFO: 10/24/2024 09:07:07 PM Accessing Products Collection...
INFO: 10/24/2024 09:07:09 PM Attempting to retrieve all products.
INFO: 10/24/2024 09:07:09 PM Accessing Products Collection...
INFO: 10/24/2024 09:07:23 PM Attempting to retrieve all transactions.
INFO: 10/24/2024 09:07:33 PM Attempting to retrieve transaction by ID.
INFO: 10/24/2024 09:08:56 PM Attempting to retrieve all of user's transactions.
INFO: 10/24/2024 09:09:45 PM Attempting to retrieve all of user's transactions.
INFO: 10/24/2024 09:09:47 PM Accessing Users Collection...
INFO: 10/24/2024 09:09:47 PM Accessing Transactions Collection...
INFO: 10/24/2024 09:10:21 PM Attempting to delete all of user's transactions.
INFO: 10/24/2024 09:10:37 PM Accessing Users Collection...
INFO: 10/24/2024 09:10:50 PM Attempting to retrieve all transactions.
INFO: 10/24/2024 09:11:02 PM Attempting to delete transaction.
INFO: 10/24/2024 09:11:44 PM Attempting to create transaction.
INFO: 10/24/2024 09:12:13 PM Accessing Login Collection...
INFO: 10/24/2024 09:12:16 PM Attempting to retrieve all transactions.
INFO: 10/24/2024 09:12:20 PM Attempting to update transaction.
INFO: 10/24/2024 09:14:01 PM Attempting to retrieve all transactions.
INFO: 10/24/2024 09:15:46 PM Attempting to retrieve all transactions by date.
INFO: 10/24/2024 09:15:52 PM Attempting to retrieve all transactions by date.
INFO: 10/24/2024 09:16:02 PM Attempting to retrieve all transactions by date.
INFO: 10/24/2024 09:16:14 PM Attempting to retrieve all transactions by date.
INFO: 10/24/2024 09:16:37 PM Attempting to retrieve all users
INFO: 10/24/2024 09:16:37 PM Accessing Users Collection...
INFO: 10/24/2024 09:16:41 PM Attempting to get all logins
INFO: 10/24/2024 09:16:41 PM Accessing Login Collection...
INFO: 10/24/2024 09:16:57 PM Attempting to retrieve user login.
INFO: 10/24/2024 09:17:02 PM Accessing Login Collection...
INFO: 10/24/2024 09:17:15 PM Attempting to edit user
INFO: 10/24/2024 09:17:19 PM Accessing Users Collection...
INFO: 10/24/2024 09:17:19 PM Accessing Users Collection...
INFO: 10/24/2024 09:17:41 PM Accessing Users Collection...
INFO: 10/24/2024 09:17:51 PM Attempting to retrieve all users
INFO: 10/24/2024 09:17:51 PM Accessing Users Collection...
INFO: 10/24/2024 09:18:20 PM Attempting to find user
INFO: 10/24/2024 09:18:35 PM Accessing Login Collection...
INFO: 10/24/2024 09:18:35 PM Accessing Users Collection...
INFO: 10/24/2024 09:18:53 PM Attempting to edit user login
INFO: 10/24/2024 09:18:56 PM Accessing Users Collection...
INFO: 10/24/2024 09:18:56 PM Accessing Login Collection...
INFO: 10/24/2024 09:19:04 PM Accessing Login Collection...
INFO: 10/24/2024 09:19:07 PM Attempting to get all logins
INFO: 10/24/2024 09:19:07 PM Accessing Login Collection...
INFO: 10/24/2024 09:19:31 PM Attempting to retrieve all transactions.
INFO: 10/24/2024 09:19:48 PM Attempting to delete user
INFO: 10/24/2024 09:19:56 PM Accessing Users Collection...
INFO: 10/24/2024 09:20:03 PM Attempting to delete user
INFO: 10/24/2024 09:20:09 PM Accessing Users Collection...
INFO: 10/24/2024 09:20:09 PM Accessing Users Collection...
INFO: 10/24/2024 09:20:09 PM Accessing Login Collection...
INFO: 10/24/2024 09:20:17 PM Attempting to retrieve all transactions.
INFO: 10/24/2024 09:20:20 PM Attempting to get all logins
INFO: 10/24/2024 09:20:20 PM Accessing Login Collection...
INFO: 10/24/2024 09:20:24 PM Attempting to retrieve all users
INFO: 10/24/2024 09:20:24 PM Accessing Users Collection...
INFO: 10/24/2024 09:23:19 PM ----Application Start----
INFO: 10/24/2024 09:23:24 PM Attempting to register user...
INFO: 10/24/2024 09:23:24 PM Accessing Login Collection...
INFO: 10/24/2024 09:23:40 PM Attempting to register user...
INFO: 10/24/2024 09:23:40 PM Accessing Login Collection...
INFO: 10/24/2024 09:23:40 PM Accessing Users Collection...
INFO: 10/24/2024 09:23:49 PM Attempting to register user...
INFO: 10/24/2024 09:23:49 PM Accessing Login Collection...
INFO: 10/24/2024 09:23:49 PM Accessing Login Collection...
INFO: 10/24/2024 09:23:57 PM Attempting to login user...
INFO: 10/24/2024 09:23:57 PM Accessing Login Collection...
INFO: 10/24/2024 09:23:57 PM Retrieving account for peachlover
INFO: 10/24/2024 09:23:57 PM Accessing Users Collection...
INFO: 10/24/2024 09:24:26 PM Attempting to create account...
INFO: 10/24/2024 09:24:26 PM Accessing Users Collection...
INFO: 10/24/2024 09:24:26 PM Accessing Users Collection...
INFO: 10/24/2024 09:24:26 PM New User Account with ID: 671b0135059974651faf38b3 created.
INFO: 10/24/2024 09:24:26 PM Accessing Login Collection...
INFO: 10/24/2024 09:24:26 PM peachlover logged in
INFO: 10/24/2024 09:24:30 PM Attempting to retrieve all products.
INFO: 10/24/2024 09:24:30 PM Accessing Products Collection...
INFO: 10/24/2024 09:24:36 PM Attempting to purchase a product.
INFO: 10/24/2024 09:24:39 PM Accessing Products Collection...
INFO: 10/24/2024 09:24:45 PM Attempting to create user transaction.
INFO: 10/24/2024 09:24:45 PM Attempting to update product.
INFO: 10/24/2024 09:24:45 PM Accessing Products Collection...
INFO: 10/24/2024 09:24:45 PM Accessing Products Collection...
INFO: 10/24/2024 09:24:50 PM Attempting to purchase a product.
INFO: 10/24/2024 09:24:53 PM Accessing Products Collection...
INFO: 10/24/2024 09:24:56 PM Attempting to purchase a product.
INFO: 10/24/2024 09:25:03 PM Accessing Products Collection...
INFO: 10/24/2024 09:25:03 PM Accessing Products Collection...
INFO: 10/24/2024 09:25:23 PM Attempting to create user transaction.
INFO: 10/24/2024 09:25:35 PM Attempting to retrieve user's transactions.
INFO: 10/24/2024 09:25:35 PM Accessing Users Collection...
INFO: 10/24/2024 09:25:35 PM Accessing Transactions Collection...
INFO: 10/24/2024 09:25:40 PM Attempting to purchase a product.
INFO: 10/24/2024 09:25:43 PM Accessing Products Collection...
INFO: 10/24/2024 09:25:43 PM Accessing Products Collection...
INFO: 10/24/2024 09:25:55 PM Attempting to create user transaction.
INFO: 10/24/2024 09:25:55 PM Attempting to update product.
INFO: 10/24/2024 09:25:55 PM Accessing Products Collection...
INFO: 10/24/2024 09:25:55 PM Accessing Products Collection...
INFO: 10/24/2024 09:26:21 PM Attempting to purchase a product.
INFO: 10/24/2024 09:26:25 PM Accessing Products Collection...
INFO: 10/24/2024 09:26:33 PM Attempting to retrieve all products.
INFO: 10/24/2024 09:26:33 PM Accessing Products Collection...
INFO: 10/24/2024 11:33:03 PM 
----Application Start----
INFO: 10/24/2024 11:33:08 PM Attempting to login user...
INFO: 10/24/2024 11:33:08 PM Accessing Login Collection...
INFO: 10/24/2024 11:33:09 PM Retrieving account for test
INFO: 10/24/2024 11:33:09 PM Accessing Users Collection...
INFO: 10/24/2024 11:33:09 PM Accessing Login Collection...
INFO: 10/24/2024 11:33:09 PM test logged in
INFO: 10/24/2024 11:33:14 PM Attempting to get all logins
INFO: 10/24/2024 11:33:14 PM Accessing Login Collection...
INFO: 10/24/2024 11:33:28 PM Attempting to login user...
INFO: 10/24/2024 11:33:28 PM Accessing Login Collection...
INFO: 10/24/2024 11:33:28 PM Retrieving account for peachlover
INFO: 10/24/2024 11:33:28 PM Accessing Users Collection...
INFO: 10/24/2024 11:33:28 PM Accessing Login Collection...
INFO: 10/24/2024 11:33:28 PM peachlover logged in
INFO: 10/24/2024 11:33:32 PM Attempting to retrieve user's transactions.
INFO: 10/24/2024 11:33:32 PM Accessing Users Collection...
INFO: 10/24/2024 11:33:32 PM Accessing Transactions Collection...
INFO: 10/24/2024 11:33:45 PM Attempting to purchase a product.
INFO: 10/24/2024 11:33:53 PM Accessing Products Collection...
INFO: 10/24/2024 11:34:05 PM Attempting to purchase a product.
INFO: 10/24/2024 11:34:07 PM Accessing Products Collection...
INFO: 10/24/2024 11:34:18 PM Attempting to create user transaction.
INFO: 10/24/2024 11:34:18 PM Accessing Transactions Collection...
INFO: 10/24/2024 11:34:18 PM Accessing Transactions Collection...
INFO: 10/24/2024 11:34:18 PM Attempting to update product.
INFO: 10/24/2024 11:34:18 PM Accessing Products Collection...
INFO: 10/24/2024 11:34:18 PM Accessing Products Collection...
INFO: 10/24/2024 11:34:23 PM Attempting to retrieve user's transactions.
INFO: 10/24/2024 11:34:23 PM Accessing Users Collection...
INFO: 10/24/2024 11:34:23 PM Accessing Transactions Collection...
INFO: 10/24/2024 11:34:32 PM Attempting to sum user's transactions.
INFO: 10/24/2024 11:34:32 PM Accessing Users Collection...
INFO: 10/24/2024 11:34:32 PM Accessing Transactions Collection...
INFO: 10/24/2024 11:35:46 PM 
----Application Start----
INFO: 10/24/2024 11:35:52 PM Attempting to login user...
INFO: 10/24/2024 11:35:52 PM Accessing Login Collection...
INFO: 10/24/2024 11:35:52 PM Retrieving account for peachlover
INFO: 10/24/2024 11:35:52 PM Accessing Users Collection...
INFO: 10/24/2024 11:35:52 PM Accessing Login Collection...
INFO: 10/24/2024 11:35:52 PM peachlover logged in
INFO: 10/24/2024 11:35:56 PM Attempting to sum user's transactions.
INFO: 10/24/2024 11:35:56 PM Accessing Users Collection...
INFO: 10/24/2024 11:35:56 PM Accessing Transactions Collection...
INFO: 10/24/2024 11:36:43 PM 
----Application Start----
INFO: 10/24/2024 11:36:48 PM Attempting to login user...
INFO: 10/24/2024 11:36:48 PM Accessing Login Collection...
INFO: 10/24/2024 11:36:48 PM Login failed due to bad credentials
INFO: 10/24/2024 11:36:53 PM Attempting to login user...
INFO: 10/24/2024 11:36:53 PM Accessing Login Collection...
INFO: 10/24/2024 11:36:53 PM Retrieving account for peachlover
INFO: 10/24/2024 11:36:53 PM Accessing Users Collection...
INFO: 10/24/2024 11:36:53 PM Accessing Login Collection...
INFO: 10/24/2024 11:36:53 PM peachlover logged in
INFO: 10/24/2024 11:36:57 PM Attempting to sum user's transactions.
INFO: 10/24/2024 11:36:57 PM Accessing Users Collection...
INFO: 10/24/2024 11:36:57 PM Accessing Transactions Collection...
INFO: 10/24/2024 11:38:16 PM 
----Application Start----
INFO: 10/24/2024 11:38:25 PM Attempting to login user...
INFO: 10/24/2024 11:38:25 PM Accessing Login Collection...
INFO: 10/24/2024 11:38:25 PM Retrieving account for peachlover
INFO: 10/24/2024 11:38:25 PM Accessing Users Collection...
INFO: 10/24/2024 11:38:25 PM Accessing Login Collection...
INFO: 10/24/2024 11:38:25 PM peachlover logged in
INFO: 10/24/2024 11:38:28 PM Attempting to retrieve m user's transactions based on purchased.
INFO: 10/24/2024 11:38:28 PM Accessing Users Collection...
INFO: 10/24/2024 11:40:09 PM 
----Application Start----
INFO: 10/24/2024 11:40:14 PM Attempting to login user...
INFO: 10/24/2024 11:40:14 PM Accessing Login Collection...
INFO: 10/24/2024 11:40:14 PM Retrieving account for peachlover
INFO: 10/24/2024 11:40:14 PM Accessing Users Collection...
INFO: 10/24/2024 11:40:14 PM Accessing Login Collection...
INFO: 10/24/2024 11:40:14 PM peachlover logged in
INFO: 10/24/2024 11:40:17 PM Attempting to sum user's transactions.
INFO: 10/24/2024 11:40:17 PM Accessing Users Collection...
INFO: 10/24/2024 11:40:17 PM Accessing Transactions Collection...
INFO: 10/24/2024 11:40:22 PM 
----Application Start----
INFO: 10/24/2024 11:40:25 PM Attempting to login user...
INFO: 10/24/2024 11:40:25 PM Accessing Login Collection...
INFO: 10/24/2024 11:40:25 PM Login failed due to bad credentials
INFO: 10/24/2024 11:40:29 PM Attempting to login user...
INFO: 10/24/2024 11:40:29 PM Accessing Login Collection...
INFO: 10/24/2024 11:40:29 PM Retrieving account for peachlover
INFO: 10/24/2024 11:40:29 PM Accessing Users Collection...
INFO: 10/24/2024 11:40:29 PM Accessing Login Collection...
INFO: 10/24/2024 11:40:29 PM peachlover logged in
INFO: 10/24/2024 11:40:31 PM Attempting to sum user's transactions.
INFO: 10/24/2024 11:40:31 PM Accessing Users Collection...
INFO: 10/24/2024 11:40:31 PM Accessing Transactions Collection...
INFO: 10/24/2024 11:40:34 PM 
----Application Start----
INFO: 10/24/2024 11:40:42 PM Attempting to login user...
INFO: 10/24/2024 11:40:42 PM Accessing Login Collection...
INFO: 10/24/2024 11:40:42 PM Retrieving account for peachlover
INFO: 10/24/2024 11:40:42 PM Accessing Users Collection...
INFO: 10/24/2024 11:40:42 PM Accessing Login Collection...
INFO: 10/24/2024 11:40:42 PM peachlover logged in
INFO: 10/24/2024 11:40:46 PM Attempting to retrieve m user's transactions based on purchased.
INFO: 10/24/2024 11:40:49 PM Accessing Users Collection...
INFO: 10/24/2024 11:40:49 PM Accessing Transactions Collection...
INFO: 10/24/2024 11:40:55 PM Attempting to retrieve user's transactions.
INFO: 10/24/2024 11:40:55 PM Accessing Users Collection...
INFO: 10/24/2024 11:40:55 PM Accessing Transactions Collection...
INFO: 10/24/2024 11:41:01 PM Attempting to purchase a product.
INFO: 10/24/2024 11:41:05 PM Accessing Products Collection...
INFO: 10/24/2024 11:41:12 PM Attempting to create user transaction.
INFO: 10/24/2024 11:41:12 PM Accessing Transactions Collection...
INFO: 10/24/2024 11:41:12 PM Accessing Transactions Collection...
INFO: 10/24/2024 11:41:12 PM Attempting to update product.
INFO: 10/24/2024 11:41:12 PM Accessing Products Collection...
INFO: 10/24/2024 11:41:12 PM Accessing Products Collection...
INFO: 10/24/2024 11:41:16 PM Attempting to retrieve m user's transactions based on purchased.
INFO: 10/24/2024 11:41:17 PM Accessing Users Collection...
INFO: 10/24/2024 11:41:17 PM Accessing Transactions Collection...
INFO: 10/24/2024 11:42:29 PM 
----Application Start----
INFO: 10/24/2024 11:42:34 PM Attempting to login user...
INFO: 10/24/2024 11:42:34 PM Accessing Login Collection...
INFO: 10/24/2024 11:42:34 PM Retrieving account for peachlover
INFO: 10/24/2024 11:42:34 PM Accessing Users Collection...
INFO: 10/24/2024 11:42:34 PM Accessing Login Collection...
INFO: 10/24/2024 11:42:34 PM peachlover logged in
INFO: 10/24/2024 11:42:38 PM Attempting to sum user's transactions.
INFO: 10/24/2024 11:42:38 PM Accessing Users Collection...
INFO: 10/24/2024 11:42:38 PM Accessing Transactions Collection...
INFO: 10/25/2024 12:01:44 AM 
----Application Start----
INFO: 10/25/2024 12:01:47 AM Attempting to login user...
INFO: 10/25/2024 12:01:47 AM Accessing Login Collection...
INFO: 10/25/2024 12:01:47 AM Retrieving account for test
INFO: 10/25/2024 12:01:47 AM Accessing Users Collection...
INFO: 10/25/2024 12:01:47 AM Accessing Login Collection...
INFO: 10/25/2024 12:01:47 AM test logged in
INFO: 10/25/2024 12:02:11 AM Attempting to sum transactions.
INFO: 10/25/2024 12:02:11 AM Accessing Transactions Collection...
INFO: 10/25/2024 12:03:12 AM Attempting to sum transactions by product.
INFO: 10/25/2024 12:03:12 AM Accessing Transactions Collection...
INFO: 10/25/2024 12:03:21 AM Attempting to sum transactions.
INFO: 10/25/2024 12:03:21 AM Accessing Transactions Collection...
INFO: 10/25/2024 12:03:29 AM Attempting to sum transactions by users.
INFO: 10/25/2024 12:03:29 AM Accessing Transactions Collection...
INFO: 10/25/2024 12:03:58 AM 
----Application Start----
INFO: 10/25/2024 12:04:02 AM Attempting to login user...
INFO: 10/25/2024 12:04:02 AM Accessing Login Collection...
INFO: 10/25/2024 12:04:02 AM Retrieving account for test
INFO: 10/25/2024 12:04:02 AM Accessing Users Collection...
INFO: 10/25/2024 12:04:02 AM Accessing Login Collection...
INFO: 10/25/2024 12:04:02 AM test logged in
INFO: 10/25/2024 12:04:10 AM Attempting to sum transactions by users.
INFO: 10/25/2024 12:04:10 AM Accessing Transactions Collection...
INFO: 10/25/2024 12:04:13 AM Attempting to sum transactions.
INFO: 10/25/2024 12:04:13 AM Accessing Transactions Collection...
INFO: 10/25/2024 12:04:35 AM Attempting to register user...
INFO: 10/25/2024 12:04:35 AM Accessing Login Collection...
INFO: 10/25/2024 12:04:35 AM Accessing Login Collection...
INFO: 10/25/2024 12:04:42 AM Attempting to login user...
INFO: 10/25/2024 12:04:42 AM Accessing Login Collection...
INFO: 10/25/2024 12:04:42 AM Retrieving account for watermelon
INFO: 10/25/2024 12:04:42 AM Accessing Users Collection...
INFO: 10/25/2024 12:05:06 AM Attempting to create account...
INFO: 10/25/2024 12:05:06 AM Accessing Users Collection...
INFO: 10/25/2024 12:05:06 AM Accessing Users Collection...
INFO: 10/25/2024 12:05:06 AM New User Account with ID: 671b26e3ec11fd8d941295b9 created.
INFO: 10/25/2024 12:05:06 AM Accessing Login Collection...
INFO: 10/25/2024 12:05:06 AM watermelon logged in
INFO: 10/25/2024 12:05:10 AM Attempting to retrieve all products.
INFO: 10/25/2024 12:05:10 AM Accessing Products Collection...
INFO: 10/25/2024 12:05:20 AM Attempting to purchase a product.
INFO: 10/25/2024 12:05:22 AM Accessing Products Collection...
INFO: 10/25/2024 12:05:28 AM Attempting to create user transaction.
INFO: 10/25/2024 12:05:28 AM Accessing Transactions Collection...
INFO: 10/25/2024 12:05:28 AM Accessing Transactions Collection...
INFO: 10/25/2024 12:05:28 AM Attempting to update product.
INFO: 10/25/2024 12:05:28 AM Accessing Products Collection...
INFO: 10/25/2024 12:05:28 AM Accessing Products Collection...
INFO: 10/25/2024 12:05:38 AM Attempting to purchase a product.
INFO: 10/25/2024 12:05:40 AM Accessing Products Collection...
INFO: 10/25/2024 12:05:46 AM Attempting to create user transaction.
INFO: 10/25/2024 12:05:46 AM Accessing Transactions Collection...
INFO: 10/25/2024 12:05:46 AM Accessing Transactions Collection...
INFO: 10/25/2024 12:05:46 AM Attempting to update product.
INFO: 10/25/2024 12:05:46 AM Accessing Products Collection...
INFO: 10/25/2024 12:05:46 AM Accessing Products Collection...
INFO: 10/25/2024 12:05:50 AM Attempting to retrieve user's transactions.
INFO: 10/25/2024 12:05:50 AM Accessing Users Collection...
INFO: 10/25/2024 12:05:50 AM Accessing Transactions Collection...
INFO: 10/25/2024 12:06:23 AM Attempting to sum user's transactions.
INFO: 10/25/2024 12:06:23 AM Accessing Users Collection...
INFO: 10/25/2024 12:06:23 AM Accessing Transactions Collection...
INFO: 10/25/2024 12:10:20 AM 
----Application Start----
INFO: 10/25/2024 12:10:27 AM Attempting to login user...
INFO: 10/25/2024 12:10:27 AM Accessing Login Collection...
INFO: 10/25/2024 12:10:27 AM Retrieving account for watermelon
INFO: 10/25/2024 12:10:27 AM Accessing Users Collection...
INFO: 10/25/2024 12:10:27 AM Accessing Login Collection...
INFO: 10/25/2024 12:10:27 AM watermelon logged in
INFO: 10/25/2024 12:10:31 AM Attempting to sum user's transactions.
INFO: 10/25/2024 12:10:31 AM Accessing Users Collection...
INFO: 10/25/2024 12:10:31 AM Accessing Transactions Collection...
INFO: 10/25/2024 12:11:12 AM 
----Application Start----
INFO: 10/25/2024 12:11:19 AM Attempting to login user...
INFO: 10/25/2024 12:11:19 AM Accessing Login Collection...
INFO: 10/25/2024 12:11:19 AM Retrieving account for watermelon
INFO: 10/25/2024 12:11:19 AM Accessing Users Collection...
INFO: 10/25/2024 12:11:19 AM Accessing Login Collection...
INFO: 10/25/2024 12:11:19 AM watermelon logged in
INFO: 10/25/2024 12:11:23 AM Attempting to sum user's transactions.
INFO: 10/25/2024 12:11:23 AM Accessing Users Collection...
INFO: 10/25/2024 12:11:23 AM Accessing Transactions Collection...
INFO: 10/25/2024 12:11:29 AM Attempting to retrieve m user's transactions based on purchased.
INFO: 10/25/2024 12:11:34 AM Accessing Users Collection...
INFO: 10/25/2024 12:11:34 AM Accessing Transactions Collection...
INFO: 10/25/2024 12:11:41 AM Attempting to retrieve user's transactions.
INFO: 10/25/2024 12:11:41 AM Accessing Users Collection...
INFO: 10/25/2024 12:11:41 AM Accessing Transactions Collection...
INFO: 10/25/2024 12:15:49 AM 
----Application Start----
INFO: 10/25/2024 12:15:56 AM Attempting to login user...
INFO: 10/25/2024 12:15:56 AM Accessing Login Collection...
INFO: 10/25/2024 12:15:56 AM Retrieving account for watermelon
INFO: 10/25/2024 12:15:56 AM Accessing Users Collection...
INFO: 10/25/2024 12:15:56 AM Accessing Login Collection...
INFO: 10/25/2024 12:15:56 AM watermelon logged in
INFO: 10/25/2024 12:15:59 AM Attempting to retrieve m user's transactions based on purchased.
INFO: 10/25/2024 12:15:59 AM Accessing Users Collection...
INFO: 10/25/2024 12:15:59 AM Accessing Transactions Collection...
INFO: 10/25/2024 12:16:04 AM Attempting to sum user's transactions.
INFO: 10/25/2024 12:16:04 AM Accessing Users Collection...
INFO: 10/25/2024 12:16:04 AM Accessing Transactions Collection...
INFO: 10/25/2024 12:16:11 AM Attempting to retrieve m user's transactions based on purchased.
INFO: 10/25/2024 12:16:11 AM Accessing Users Collection...
INFO: 10/25/2024 12:16:11 AM Accessing Transactions Collection...
INFO: 10/25/2024 12:16:17 AM Attempting to retrieve m user's transactions based on purchased.
INFO: 10/25/2024 12:16:18 AM Accessing Users Collection...
INFO: 10/25/2024 12:16:18 AM Accessing Transactions Collection...
INFO: 10/25/2024 12:16:25 AM Attempting to login user...
INFO: 10/25/2024 12:16:25 AM Accessing Login Collection...
INFO: 10/25/2024 12:16:25 AM Retrieving account for test
INFO: 10/25/2024 12:16:25 AM Accessing Users Collection...
INFO: 10/25/2024 12:16:25 AM Accessing Login Collection...
INFO: 10/25/2024 12:16:25 AM test logged in
INFO: 10/25/2024 12:16:31 AM Attempting to sum transactions.
INFO: 10/25/2024 12:16:31 AM Accessing Transactions Collection...
INFO: 10/25/2024 12:16:37 AM Attempting to sum transactions by product.
INFO: 10/25/2024 12:16:37 AM Accessing Transactions Collection...
INFO: 10/25/2024 12:16:46 AM Attempting to sum transactions by users.
INFO: 10/25/2024 12:16:46 AM Accessing Transactions Collection...
INFO: 10/25/2024 07:35:00 AM 
----Application Start----
INFO: 10/25/2024 07:35:10 AM Attempting to login user...
INFO: 10/25/2024 07:35:10 AM Accessing Login Collection...
INFO: 10/25/2024 07:35:10 AM Retrieving account for test
INFO: 10/25/2024 07:35:10 AM Accessing Users Collection...
INFO: 10/25/2024 07:35:10 AM Accessing Login Collection...
INFO: 10/25/2024 07:35:10 AM test logged in
INFO: 10/25/2024 07:35:15 AM Attempting to create product.
INFO: 10/25/2024 07:35:25 AM Accessing Products Collection...
INFO: 10/25/2024 07:35:25 AM Accessing Products Collection...
INFO: 10/25/2024 07:35:25 AM Accessing Products Collection...
INFO: 10/25/2024 07:35:33 AM Attempting to create product.
INFO: 10/25/2024 07:35:40 AM Accessing Products Collection...
INFO: 10/25/2024 07:35:56 AM Attempting to product by ID.
INFO: 10/25/2024 07:36:07 AM Attempting to update product.
INFO: 10/25/2024 07:36:12 AM Attempting to retrieve product by name.
INFO: 10/25/2024 07:36:13 AM Accessing Products Collection...
INFO: 10/25/2024 07:36:18 AM Attempting to delete product.
INFO: 10/25/2024 07:36:28 AM Attempting to create product.
INFO: 10/25/2024 07:36:37 AM Accessing Products Collection...
INFO: 10/25/2024 07:36:37 AM Accessing Products Collection...
INFO: 10/25/2024 07:36:37 AM Accessing Products Collection...
INFO: 10/25/2024 07:36:47 AM Attempting to delete product.
INFO: 10/25/2024 07:36:58 AM Accessing Products Collection...
INFO: 10/25/2024 07:36:58 AM Accessing Products Collection...
INFO: 10/25/2024 07:37:10 AM Attempting to create product.
INFO: 10/25/2024 07:37:27 AM Accessing Products Collection...
INFO: 10/25/2024 07:37:27 AM Accessing Products Collection...
INFO: 10/25/2024 07:37:27 AM Accessing Products Collection...
INFO: 10/25/2024 07:37:36 AM Attempting to create product.
INFO: 10/25/2024 07:37:43 AM Accessing Products Collection...
INFO: 10/25/2024 07:37:48 AM Attempting to retrieve all products.
INFO: 10/25/2024 07:37:48 AM Accessing Products Collection...
INFO: 10/25/2024 07:37:55 AM Attempting to product by ID.
INFO: 10/25/2024 07:37:59 AM Accessing Products Collection...
INFO: 10/25/2024 07:38:26 AM Attempting to sum transactions by users.
INFO: 10/25/2024 07:38:27 AM Accessing Transactions Collection...
INFO: 10/25/2024 07:38:32 AM Attempting to sum transactions by product.
INFO: 10/25/2024 07:38:32 AM Accessing Transactions Collection...
INFO: 10/25/2024 07:38:41 AM Attempting to sum transactions by product.
INFO: 10/25/2024 07:38:41 AM Accessing Transactions Collection...
INFO: 10/25/2024 07:38:51 AM Attempting to sum transactions.
INFO: 10/25/2024 07:38:51 AM Accessing Transactions Collection...
INFO: 10/25/2024 07:39:00 AM Attempting to retrieve all transactions by date.
INFO: 10/25/2024 07:39:07 AM Accessing Transactions Collection...
INFO: 10/25/2024 07:39:43 AM Attempting to get all logins
INFO: 10/25/2024 07:39:43 AM Accessing Login Collection...
INFO: 10/25/2024 07:40:01 AM Attempting to retrieve user login.
INFO: 10/25/2024 07:40:04 AM Accessing Login Collection...
INFO: 10/25/2024 07:40:31 AM Attempting to retrieve all users
INFO: 10/25/2024 07:40:31 AM Accessing Users Collection...
INFO: 10/25/2024 07:40:39 AM Attempting to find user
INFO: 10/25/2024 07:40:43 AM Accessing Login Collection...
INFO: 10/25/2024 07:40:43 AM Accessing Users Collection...
INFO: 10/25/2024 07:42:26 AM 
----Application Start----
INFO: 10/25/2024 07:42:30 AM Attempting to login user...
INFO: 10/25/2024 07:42:30 AM Accessing Login Collection...
INFO: 10/25/2024 07:42:30 AM Retrieving account for test
INFO: 10/25/2024 07:42:30 AM Accessing Users Collection...
INFO: 10/25/2024 07:42:30 AM Accessing Login Collection...
INFO: 10/25/2024 07:42:30 AM test logged in
INFO: 10/25/2024 07:42:35 AM Attempting to retrieve user login.
INFO: 10/25/2024 07:42:36 AM Accessing Login Collection...
INFO: 10/25/2024 07:42:57 AM Attempting to register user...
INFO: 10/25/2024 07:42:57 AM Accessing Login Collection...
INFO: 10/25/2024 07:42:57 AM Accessing Login Collection...
INFO: 10/25/2024 07:43:02 AM Attempting to login user...
INFO: 10/25/2024 07:43:02 AM Accessing Login Collection...
INFO: 10/25/2024 07:43:02 AM Retrieving account for delete
INFO: 10/25/2024 07:43:02 AM Accessing Users Collection...
INFO: 10/25/2024 07:43:05 AM Attempting to create account...
INFO: 10/25/2024 07:43:05 AM Account creation failed due to validation exception.
INFO: 10/25/2024 07:43:15 AM Attempting to login user...
INFO: 10/25/2024 07:43:15 AM Accessing Login Collection...
INFO: 10/25/2024 07:43:15 AM Retrieving account for delete
INFO: 10/25/2024 07:43:15 AM Accessing Users Collection...
INFO: 10/25/2024 07:43:23 AM Attempting to create account...
INFO: 10/25/2024 07:43:23 AM Accessing Users Collection...
INFO: 10/25/2024 07:43:23 AM Accessing Users Collection...
INFO: 10/25/2024 07:43:23 AM New User Account with ID: 671b9251d35d50789a392e4e created.
INFO: 10/25/2024 07:43:23 AM Accessing Login Collection...
INFO: 10/25/2024 07:43:23 AM delete logged in
INFO: 10/25/2024 07:43:37 AM Attempting to purchase a product.
INFO: 10/25/2024 07:43:47 AM Accessing Products Collection...
INFO: 10/25/2024 07:43:51 AM Attempting to create user transaction.
INFO: 10/25/2024 07:43:51 AM Accessing Transactions Collection...
INFO: 10/25/2024 07:43:51 AM Accessing Transactions Collection...
INFO: 10/25/2024 07:43:51 AM Attempting to update product.
INFO: 10/25/2024 07:43:51 AM Accessing Products Collection...
INFO: 10/25/2024 07:43:52 AM Accessing Products Collection...
INFO: 10/25/2024 07:43:55 AM Attempting to retrieve all products.
INFO: 10/25/2024 07:43:55 AM Accessing Products Collection...
INFO: 10/25/2024 07:44:01 AM Attempting to purchase a product.
INFO: 10/25/2024 07:44:06 AM Accessing Products Collection...
INFO: 10/25/2024 07:44:13 AM Attempting to create user transaction.
INFO: 10/25/2024 07:44:13 AM Accessing Transactions Collection...
INFO: 10/25/2024 07:44:13 AM Accessing Transactions Collection...
INFO: 10/25/2024 07:44:13 AM Attempting to update product.
INFO: 10/25/2024 07:44:13 AM Accessing Products Collection...
INFO: 10/25/2024 07:44:13 AM Accessing Products Collection...
INFO: 10/25/2024 07:44:17 AM Attempting to purchase a product.
INFO: 10/25/2024 07:44:23 AM Accessing Products Collection...
INFO: 10/25/2024 07:44:23 AM Accessing Products Collection...
INFO: 10/25/2024 07:44:39 AM Attempting to create user transaction.
INFO: 10/25/2024 07:44:39 AM Accessing Transactions Collection...
INFO: 10/25/2024 07:44:39 AM Accessing Transactions Collection...
INFO: 10/25/2024 07:44:39 AM Attempting to update product.
INFO: 10/25/2024 07:44:39 AM Accessing Products Collection...
INFO: 10/25/2024 07:44:39 AM Accessing Products Collection...
INFO: 10/25/2024 07:44:44 AM Attempting to sum user's transactions.
INFO: 10/25/2024 07:44:44 AM Accessing Users Collection...
INFO: 10/25/2024 07:44:44 AM Accessing Transactions Collection...
INFO: 10/25/2024 07:44:49 AM Attempting to retrieve m user's transactions based on purchased.
INFO: 10/25/2024 07:44:49 AM Accessing Users Collection...
INFO: 10/25/2024 07:44:49 AM Accessing Transactions Collection...
INFO: 10/25/2024 07:45:00 AM Attempting to login user...
INFO: 10/25/2024 07:45:00 AM Accessing Login Collection...
INFO: 10/25/2024 07:45:00 AM Retrieving account for test
INFO: 10/25/2024 07:45:00 AM Accessing Users Collection...
INFO: 10/25/2024 07:45:00 AM Accessing Login Collection...
INFO: 10/25/2024 07:45:00 AM test logged in
INFO: 10/25/2024 07:45:06 AM Attempting to sum transactions.
INFO: 10/25/2024 07:45:06 AM Accessing Transactions Collection...
INFO: 10/25/2024 07:45:11 AM Attempting to sum transactions by product.
INFO: 10/25/2024 07:45:11 AM Accessing Transactions Collection...
INFO: 10/25/2024 07:45:19 AM Attempting to sum transactions by users.
INFO: 10/25/2024 07:45:19 AM Accessing Transactions Collection...
INFO: 10/25/2024 07:45:36 AM Attempting to get all logins
INFO: 10/25/2024 07:45:36 AM Accessing Login Collection...
INFO: 10/25/2024 07:45:46 AM Attempting to delete user
INFO: 10/25/2024 07:45:51 AM Accessing Users Collection...
INFO: 10/25/2024 07:45:51 AM Accessing Users Collection...
INFO: 10/25/2024 07:45:51 AM Accessing Login Collection...
INFO: 10/25/2024 07:45:51 AM Accessing Transactions Collection...
INFO: 10/25/2024 07:45:56 AM Attempting to sum transactions.
INFO: 10/25/2024 07:45:56 AM Accessing Transactions Collection...
INFO: 10/25/2024 07:46:01 AM Attempting to sum transactions by users.
INFO: 10/25/2024 07:46:01 AM Accessing Transactions Collection...
INFO: 10/25/2024 07:46:07 AM Attempting to sum transactions by product.
INFO: 10/25/2024 07:46:07 AM Accessing Transactions Collection...
INFO: 10/25/2024 08:05:54 AM 
----Application Start----
INFO: 10/25/2024 08:05:59 AM Attempting to login user...
INFO: 10/25/2024 08:05:59 AM Accessing Login Collection...
INFO: 10/25/2024 08:05:59 AM Retrieving account for test
INFO: 10/25/2024 08:05:59 AM Accessing Users Collection...
INFO: 10/25/2024 08:05:59 AM Accessing Login Collection...
INFO: 10/25/2024 08:05:59 AM test logged in
INFO: 10/25/2024 08:06:04 AM Attempting to update transaction.
INFO: 10/25/2024 08:06:28 AM Attempting to retrieve all transactions.
INFO: 10/25/2024 08:06:28 AM Accessing Transactions Collection...
INFO: 10/25/2024 08:06:38 AM Attempting to update transaction.
INFO: 10/25/2024 08:06:41 AM Accessing Transactions Collection...
INFO: 10/25/2024 08:07:01 AM Accessing Transactions Collection...
INFO: 10/25/2024 08:07:04 AM Attempting to retrieve all transactions.
INFO: 10/25/2024 08:07:04 AM Accessing Transactions Collection...
INFO: 10/25/2024 08:07:36 AM 
----Application Start----
INFO: 10/25/2024 08:07:41 AM Attempting to login user...
INFO: 10/25/2024 08:07:41 AM Accessing Login Collection...
INFO: 10/25/2024 08:07:41 AM Retrieving account for test
INFO: 10/25/2024 08:07:41 AM Accessing Users Collection...
INFO: 10/25/2024 08:07:41 AM Accessing Login Collection...
INFO: 10/25/2024 08:07:41 AM test logged in
INFO: 10/25/2024 08:07:48 AM Attempting to delete transaction.
INFO: 10/25/2024 08:08:08 AM Accessing Transactions Collection...
INFO: 10/25/2024 08:08:14 AM Attempting to delete transaction.
INFO: 10/25/2024 08:08:22 AM Attempting to delete transaction.
INFO: 10/25/2024 08:08:24 AM Accessing Transactions Collection...
INFO: 10/25/2024 08:08:24 AM Accessing Transactions Collection...
INFO: 10/25/2024 08:08:36 AM Attempting to retrieve all of user's transactions.
INFO: 10/25/2024 08:08:43 AM Accessing Users Collection...
INFO: 10/25/2024 08:08:43 AM Accessing Transactions Collection...
INFO: 10/25/2024 08:08:48 AM Attempting to retrieve all of user's transactions.
INFO: 10/25/2024 08:08:53 AM Attempting to retrieve all of user's transactions.
INFO: 10/25/2024 08:08:58 AM Accessing Users Collection...
INFO: 10/25/2024 08:08:58 AM Accessing Transactions Collection...
INFO: 10/25/2024 08:09:16 AM Attempting to update product.
INFO: 10/25/2024 08:09:27 AM Attempting to retrieve all products.
INFO: 10/25/2024 08:09:27 AM Accessing Products Collection...
INFO: 10/25/2024 08:09:34 AM Attempting to create product.
INFO: 10/25/2024 08:10:01 AM Accessing Products Collection...
INFO: 10/25/2024 08:10:12 AM Attempting to create product.
INFO: 10/25/2024 08:10:26 AM Accessing Products Collection...
INFO: 10/25/2024 08:10:26 AM Accessing Products Collection...
INFO: 10/25/2024 08:10:26 AM Accessing Products Collection...
INFO: 10/25/2024 08:10:41 AM Attempting to update product.
INFO: 10/25/2024 08:11:02 AM Accessing Products Collection...
INFO: 10/25/2024 08:11:07 AM Accessing Products Collection...
INFO: 10/25/2024 08:11:22 AM Attempting to update product.
INFO: 10/25/2024 08:11:24 AM Accessing Products Collection...
INFO: 10/25/2024 08:11:28 AM Accessing Products Collection...
INFO: 10/25/2024 08:11:28 AM Accessing Products Collection...
INFO: 10/25/2024 09:03:44 AM 
----Application Start----
INFO: 10/25/2024 09:03:47 AM Attempting to register user...
INFO: 10/25/2024 09:03:47 AM Accessing Login Collection...
INFO: 10/25/2024 09:03:47 AM Accessing Users Collection...
INFO: 10/25/2024 09:04:17 AM 
----Application Start----
INFO: 10/25/2024 09:04:34 AM Attempting to login user...
INFO: 10/25/2024 09:04:34 AM Accessing Login Collection...
INFO: 10/25/2024 09:04:34 AM Retrieving account for peachlover
INFO: 10/25/2024 09:04:34 AM Accessing Users Collection...
INFO: 10/25/2024 09:04:34 AM Accessing Login Collection...
INFO: 10/25/2024 09:04:34 AM peachlover logged in
INFO: 10/25/2024 09:04:42 AM Attempting to retrieve all products.
INFO: 10/25/2024 09:04:42 AM Accessing Products Collection...
INFO: 10/25/2024 09:04:47 AM Attempting to purchase a product.
INFO: 10/25/2024 09:04:53 AM Accessing Products Collection...
INFO: 10/25/2024 09:27:42 AM 
----Application Start----
INFO: 10/25/2024 09:27:47 AM Attempting to login user...
INFO: 10/25/2024 09:27:47 AM Accessing Login Collection...
INFO: 10/25/2024 09:27:47 AM Retrieving account for test
INFO: 10/25/2024 09:27:47 AM Accessing Users Collection...
INFO: 10/25/2024 09:27:47 AM Accessing Login Collection...
INFO: 10/25/2024 09:27:47 AM test logged in
INFO: 10/25/2024 09:27:53 AM Attempting to retrieve all users
INFO: 10/25/2024 09:27:53 AM Accessing Users Collection...
INFO: 10/25/2024 09:27:56 AM Attempting to get all logins
INFO: 10/25/2024 09:27:56 AM Accessing Login Collection...
INFO: 10/25/2024 09:28:03 AM Attempting to retrieve user login.
INFO: 10/25/2024 09:28:09 AM Accessing Login Collection...
INFO: 10/25/2024 09:28:19 AM Attempting to edit user login
INFO: 10/25/2024 09:28:20 AM Accessing Users Collection...
INFO: 10/25/2024 09:28:20 AM Accessing Login Collection...
INFO: 10/25/2024 09:28:34 AM Attempting to retrieve user login.
INFO: 10/25/2024 09:28:36 AM Accessing Login Collection...
INFO: 10/25/2024 09:28:49 AM Attempting to retrieve all transactions.
INFO: 10/25/2024 09:28:49 AM Accessing Transactions Collection...
INFO: 10/25/2024 09:28:58 AM Attempting to update transaction.
INFO: 10/25/2024 09:29:02 AM Accessing Transactions Collection...
INFO: 10/25/2024 09:29:14 AM Accessing Transactions Collection...
INFO: 10/25/2024 09:29:18 AM Attempting to retrieve all transactions.
INFO: 10/25/2024 09:29:18 AM Accessing Transactions Collection...
INFO: 10/25/2024 09:29:38 AM Attempting to register user...
INFO: 10/25/2024 09:29:38 AM Accessing Login Collection...
INFO: 10/25/2024 09:29:38 AM Accessing Login Collection...
INFO: 10/25/2024 09:29:46 AM Attempting to login user...
INFO: 10/25/2024 09:29:46 AM Accessing Login Collection...
INFO: 10/25/2024 09:29:46 AM Retrieving account for test-user
INFO: 10/25/2024 09:29:46 AM Accessing Users Collection...
INFO: 10/25/2024 09:29:56 AM Attempting to create account...
INFO: 10/25/2024 09:29:56 AM Accessing Users Collection...
INFO: 10/25/2024 09:29:56 AM Accessing Users Collection...
INFO: 10/25/2024 09:29:56 AM New User Account with ID: 671bab52bdc2d539862f5bd9 created.
INFO: 10/25/2024 09:29:56 AM Accessing Login Collection...
INFO: 10/25/2024 09:29:56 AM test-user logged in
INFO: 10/25/2024 09:30:03 AM Attempting to retrieve user's transactions.
INFO: 10/25/2024 09:30:03 AM Accessing Users Collection...
INFO: 10/25/2024 09:30:03 AM Accessing Transactions Collection...
INFO: 10/25/2024 09:30:07 AM Attempting to retrieve all products.
INFO: 10/25/2024 09:30:07 AM Accessing Products Collection...
INFO: 10/25/2024 09:30:12 AM Attempting to purchase a product.
INFO: 10/25/2024 09:30:17 AM Accessing Products Collection...
INFO: 10/25/2024 09:30:22 AM Attempting to create user transaction.
INFO: 10/25/2024 09:30:22 AM Accessing Transactions Collection...
INFO: 10/25/2024 09:30:22 AM Accessing Transactions Collection...
INFO: 10/25/2024 09:30:22 AM Attempting to update product.
INFO: 10/25/2024 09:30:22 AM Accessing Products Collection...
INFO: 10/25/2024 09:30:22 AM Accessing Products Collection...
INFO: 10/25/2024 09:30:27 AM Attempting to retrieve user's transactions.
INFO: 10/25/2024 09:30:27 AM Accessing Users Collection...
INFO: 10/25/2024 09:30:27 AM Accessing Transactions Collection...
INFO: 10/25/2024 09:30:31 AM Attempting to purchase a product.
INFO: 10/25/2024 09:30:34 AM Accessing Products Collection...
INFO: 10/25/2024 09:30:44 AM Attempting to retrieve product by name.
INFO: 10/25/2024 09:30:48 AM Accessing Products Collection...
INFO: 10/25/2024 09:30:56 AM Attempting to purchase a product.
INFO: 10/25/2024 09:31:00 AM Accessing Products Collection...
INFO: 10/25/2024 09:31:04 AM Attempting to create user transaction.
INFO: 10/25/2024 09:31:04 AM Accessing Transactions Collection...
INFO: 10/25/2024 09:31:04 AM Accessing Transactions Collection...
INFO: 10/25/2024 09:31:04 AM Attempting to update product.
INFO: 10/25/2024 09:31:04 AM Accessing Products Collection...
INFO: 10/25/2024 09:31:04 AM Accessing Products Collection...
INFO: 10/25/2024 09:31:11 AM Attempting to sum user's transactions.
INFO: 10/25/2024 09:31:11 AM Accessing Users Collection...
INFO: 10/25/2024 09:31:11 AM Accessing Transactions Collection...
INFO: 10/25/2024 09:31:16 AM Attempting to retrieve m user's transactions based on purchased.
INFO: 10/25/2024 09:31:16 AM Accessing Users Collection...
INFO: 10/25/2024 09:31:16 AM Accessing Transactions Collection...
INFO: 10/25/2024 09:31:25 AM Attempting to retrieve m user's transactions based on purchased.
INFO: 10/25/2024 09:31:27 AM Accessing Users Collection...
INFO: 10/25/2024 09:31:27 AM Accessing Transactions Collection...
INFO: 10/25/2024 09:31:39 AM 
----Application Start----
INFO: 10/25/2024 09:31:44 AM Attempting to login user...
INFO: 10/25/2024 09:31:44 AM Accessing Login Collection...
INFO: 10/25/2024 09:31:44 AM Retrieving account for test
INFO: 10/25/2024 09:31:44 AM Accessing Users Collection...
INFO: 10/25/2024 09:31:44 AM Accessing Login Collection...
INFO: 10/25/2024 09:31:44 AM test logged in
INFO: 10/25/2024 09:31:49 AM Attempting to sum transactions by users.
INFO: 10/25/2024 09:31:49 AM Accessing Transactions Collection...
INFO: 10/25/2024 09:31:57 AM Attempting to sum transactions by product.
INFO: 10/25/2024 09:31:57 AM Accessing Transactions Collection...
INFO: 10/25/2024 09:32:01 AM Attempting to sum transactions.
INFO: 10/25/2024 09:32:01 AM Accessing Transactions Collection...
INFO: 10/25/2024 09:32:09 AM Attempting to retrieve all transactions by date.
INFO: 10/25/2024 09:32:15 AM Accessing Transactions Collection...
INFO: 10/25/2024 09:34:02 AM 
----Application Start----
INFO: 10/25/2024 09:34:05 AM Attempting to login user...
INFO: 10/25/2024 09:34:05 AM Accessing Login Collection...
INFO: 10/25/2024 09:34:05 AM Retrieving account for test
INFO: 10/25/2024 09:34:05 AM Accessing Users Collection...
INFO: 10/25/2024 09:34:05 AM Accessing Login Collection...
INFO: 10/25/2024 09:34:05 AM test logged in
INFO: 10/25/2024 09:34:14 AM Attempting to update transaction.
INFO: 10/25/2024 09:34:20 AM Accessing Transactions Collection...
INFO: 10/25/2024 09:34:42 AM Accessing Transactions Collection...
INFO: 10/25/2024 09:34:51 AM Attempting to retrieve all transactions.
INFO: 10/25/2024 09:34:51 AM Accessing Transactions Collection...
